[debug] [2018-08-03T03:24:01.873Z] ----------------------------------------------------------------------
[debug] [2018-08-03T03:24:01.877Z] Command:       C:\Program Files\nodejs\node.exe C:\Users\JULIAN Corp\AppData\Roaming\npm\node_modules\firebase-tools\bin\firebase deploy
[debug] [2018-08-03T03:24:01.878Z] CLI Version:   4.0.2
[debug] [2018-08-03T03:24:01.878Z] Platform:      win32
[debug] [2018-08-03T03:24:01.878Z] Node Version:  v6.11.4
[debug] [2018-08-03T03:24:01.879Z] Time:          Thu Aug 02 2018 22:24:01 GMT-0500 (SA Pacific Standard Time)
[debug] [2018-08-03T03:24:01.879Z] ----------------------------------------------------------------------
[debug] 
[debug] [2018-08-03T03:24:01.906Z] > command requires scopes: ["email","openid","https://www.googleapis.com/auth/cloudplatformprojects.readonly","https://www.googleapis.com/auth/firebase","https://www.googleapis.com/auth/cloud-platform"]
[debug] [2018-08-03T03:24:01.907Z] > authorizing via signed-in user
[debug] [2018-08-03T03:24:01.910Z] > refreshing access token with scopes: ["email","https://www.googleapis.com/auth/cloud-platform","https://www.googleapis.com/auth/cloudplatformprojects.readonly","https://www.googleapis.com/auth/firebase","openid"]
[debug] [2018-08-03T03:24:01.910Z] >>> HTTP REQUEST POST https://www.googleapis.com/oauth2/v3/token  
 { refresh_token: '1/0dDO5v5xapTTaBl7H-V91xrvDryMofsrCil7mfgjOLg',
  client_id: '563584335869-fgrhgmd47bqnekij5i8b5pr03ho849e6.apps.googleusercontent.com',
  client_secret: 'j9iVZfS8kkCEFUPaAeJV0sAi',
  grant_type: 'refresh_token',
  scope: 'email https://www.googleapis.com/auth/cloud-platform https://www.googleapis.com/auth/cloudplatformprojects.readonly https://www.googleapis.com/auth/firebase openid' } 
 Thu Aug 02 2018 22:24:01 GMT-0500 (SA Pacific Standard Time)
[debug] [2018-08-03T03:24:02.901Z] <<< HTTP RESPONSE 200
[debug] [2018-08-03T03:24:02.914Z] >>> HTTP REQUEST GET https://admin.firebase.com/v1/projects/gardianapps  
  
 Thu Aug 02 2018 22:24:02 GMT-0500 (SA Pacific Standard Time)
[debug] [2018-08-03T03:24:04.639Z] <<< HTTP RESPONSE 200
[debug] [2018-08-03T03:24:04.640Z] >>> HTTP REQUEST GET https://admin.firebase.com/v1/database/gardianapps/tokens  
  
 Thu Aug 02 2018 22:24:04 GMT-0500 (SA Pacific Standard Time)
[debug] [2018-08-03T03:24:05.804Z] <<< HTTP RESPONSE 200
[info] 
[info] === Deploying to 'gardianapps'...
[info] 
[info] i  deploying database, hosting
[info] i  database: checking rules syntax...
[debug] [2018-08-03T03:24:07.577Z] >>> HTTP REQUEST PUT https://gardianapps.firebaseio.com/.settings/rules.json?dryRun=true  
 {
  "rules": {
    ".read": "auth != null",
    ".write": "auth != null"
  }
}
 
 Thu Aug 02 2018 22:24:07 GMT-0500 (SA Pacific Standard Time)
[debug] [2018-08-03T03:24:08.884Z] <<< HTTP RESPONSE 200
[info] +  database: rules syntax for database gardianapps is valid
[info] i  hosting: preparing www directory for upload...
[debug] [2018-08-03T03:24:11.181Z] >>> HTTP REQUEST PUT https://deploy.firebase.com/v1/hosting/gardianapps/uploads/-LIxo585-yYxL7nfDkHQ?fileCount=681&message=  
  
 Thu Aug 02 2018 22:24:11 GMT-0500 (SA Pacific Standard Time)
